[0.723s] Invoking command in '/home/armaanm/eufs_dev/RAMS-e-25/build/perception': PYTHONPATH=/home/armaanm/eufs_dev/RAMS-e-25/build/perception/prefix_override:/usr/lib/python3/dist-packages/colcon_core/task/python/colcon_distutils_commands:/home/armaanm/eufs_dev/RAMS-e-25/install/perception/lib/python3.8/site-packages:${PYTHONPATH} /usr/bin/python3 -W ignore:setup.py install is deprecated -W ignore:easy_install command is deprecated setup.py develop --editable --build-directory /home/armaanm/eufs_dev/RAMS-e-25/build/perception/build --no-deps symlink_data
[0.862s] /home/armaanm/.local/lib/python3.8/site-packages/setuptools/_distutils/dist.py:261: UserWarning: Unknown distribution option: 'tests_require'
[0.862s]   warnings.warn(msg)
[0.993s] running develop
[1.139s] running egg_info
[1.155s] writing perception.egg-info/PKG-INFO
[1.156s] writing dependency_links to perception.egg-info/dependency_links.txt
[1.156s] writing entry points to perception.egg-info/entry_points.txt
[1.157s] writing requirements to perception.egg-info/requires.txt
[1.157s] writing top-level names to perception.egg-info/top_level.txt
[1.187s] reading manifest file 'perception.egg-info/SOURCES.txt'
[1.188s] writing manifest file 'perception.egg-info/SOURCES.txt'
[1.230s] running build_ext
[1.230s] Creating /home/armaanm/eufs_dev/RAMS-e-25/install/perception/lib/python3.8/site-packages/perception.egg-link (link to .)
[1.231s] Installing camera_debug script to /home/armaanm/eufs_dev/RAMS-e-25/install/perception/lib/perception
[1.231s] Installing camera_node script to /home/armaanm/eufs_dev/RAMS-e-25/install/perception/lib/perception
[1.231s] Installing lidar_debug script to /home/armaanm/eufs_dev/RAMS-e-25/install/perception/lib/perception
[1.232s] Installing lidar_node script to /home/armaanm/eufs_dev/RAMS-e-25/install/perception/lib/perception
[1.232s] 
[1.232s] Installed /home/armaanm/eufs_dev/RAMS-e-25/build/perception
[1.232s] running symlink_data
[1.253s] Invoked command in '/home/armaanm/eufs_dev/RAMS-e-25/build/perception' returned '0': PYTHONPATH=/home/armaanm/eufs_dev/RAMS-e-25/build/perception/prefix_override:/usr/lib/python3/dist-packages/colcon_core/task/python/colcon_distutils_commands:/home/armaanm/eufs_dev/RAMS-e-25/install/perception/lib/python3.8/site-packages:${PYTHONPATH} /usr/bin/python3 -W ignore:setup.py install is deprecated -W ignore:easy_install command is deprecated setup.py develop --editable --build-directory /home/armaanm/eufs_dev/RAMS-e-25/build/perception/build --no-deps symlink_data
