[0.550s] Invoking command in '/home/armaanm/eufs_dev/RAMS-e-25/build/perception': PYTHONPATH=/home/armaanm/eufs_dev/RAMS-e-25/build/perception/prefix_override:/usr/lib/python3/dist-packages/colcon_core/task/python/colcon_distutils_commands:/home/armaanm/eufs_dev/RAMS-e-25/install/perception/lib/python3.8/site-packages:${PYTHONPATH} /usr/bin/python3 -W ignore:setup.py install is deprecated -W ignore:easy_install command is deprecated setup.py develop --editable --build-directory /home/armaanm/eufs_dev/RAMS-e-25/build/perception/build --no-deps symlink_data
[0.646s] /home/armaanm/.local/lib/python3.8/site-packages/setuptools/_distutils/dist.py:261: UserWarning: Unknown distribution option: 'tests_require'
[0.646s]   warnings.warn(msg)
[0.729s] running develop
[0.838s] running egg_info
[0.847s] creating perception.egg-info
[0.847s] writing perception.egg-info/PKG-INFO
[0.847s] writing dependency_links to perception.egg-info/dependency_links.txt
[0.847s] writing entry points to perception.egg-info/entry_points.txt
[0.847s] writing requirements to perception.egg-info/requires.txt
[0.847s] writing top-level names to perception.egg-info/top_level.txt
[0.851s] writing manifest file 'perception.egg-info/SOURCES.txt'
[0.869s] reading manifest file 'perception.egg-info/SOURCES.txt'
[0.870s] writing manifest file 'perception.egg-info/SOURCES.txt'
[0.899s] running build_ext
[0.899s] Creating /home/armaanm/eufs_dev/RAMS-e-25/install/perception/lib/python3.8/site-packages/perception.egg-link (link to .)
[0.900s] Installing lidar_debug script to /home/armaanm/eufs_dev/RAMS-e-25/install/perception/lib/perception
[0.900s] Installing lidar_node script to /home/armaanm/eufs_dev/RAMS-e-25/install/perception/lib/perception
[0.900s] 
[0.900s] Installed /home/armaanm/eufs_dev/RAMS-e-25/build/perception
[0.900s] running symlink_data
[0.900s] creating /home/armaanm/eufs_dev/RAMS-e-25/install/perception/share/ament_index/resource_index/packages
[0.901s] symbolically linking /home/armaanm/eufs_dev/RAMS-e-25/build/perception/resource/perception -> /home/armaanm/eufs_dev/RAMS-e-25/install/perception/share/ament_index/resource_index/packages
[0.901s] symbolically linking /home/armaanm/eufs_dev/RAMS-e-25/build/perception/package.xml -> /home/armaanm/eufs_dev/RAMS-e-25/install/perception/share/perception
[0.917s] Invoked command in '/home/armaanm/eufs_dev/RAMS-e-25/build/perception' returned '0': PYTHONPATH=/home/armaanm/eufs_dev/RAMS-e-25/build/perception/prefix_override:/usr/lib/python3/dist-packages/colcon_core/task/python/colcon_distutils_commands:/home/armaanm/eufs_dev/RAMS-e-25/install/perception/lib/python3.8/site-packages:${PYTHONPATH} /usr/bin/python3 -W ignore:setup.py install is deprecated -W ignore:easy_install command is deprecated setup.py develop --editable --build-directory /home/armaanm/eufs_dev/RAMS-e-25/build/perception/build --no-deps symlink_data
